mode: set
github.com/Davincible/shamir/cmd/shamir/main.go:18.13,45.42 7 0
github.com/Davincible/shamir/cmd/shamir/main.go:45.42,48.3 2 0
github.com/Davincible/shamir/internal/validation/validator.go:15.38,17.21 2 0
github.com/Davincible/shamir/internal/validation/validator.go:17.21,19.3 1 0
github.com/Davincible/shamir/internal/validation/validator.go:21.2,21.23 1 0
github.com/Davincible/shamir/internal/validation/validator.go:21.23,23.3 1 0
github.com/Davincible/shamir/internal/validation/validator.go:25.2,25.36 1 0
github.com/Davincible/shamir/internal/validation/validator.go:25.36,27.3 1 0
github.com/Davincible/shamir/internal/validation/validator.go:29.2,29.12 1 0
github.com/Davincible/shamir/internal/validation/validator.go:32.40,33.43 1 0
github.com/Davincible/shamir/internal/validation/validator.go:33.43,35.3 1 0
github.com/Davincible/shamir/internal/validation/validator.go:37.2,38.16 2 0
github.com/Davincible/shamir/internal/validation/validator.go:38.16,40.3 1 0
github.com/Davincible/shamir/internal/validation/validator.go:42.2,42.19 1 0
github.com/Davincible/shamir/internal/validation/validator.go:42.19,44.3 1 0
github.com/Davincible/shamir/internal/validation/validator.go:46.2,46.12 1 0
github.com/Davincible/shamir/internal/validation/validator.go:49.43,51.17 2 0
github.com/Davincible/shamir/internal/validation/validator.go:51.17,53.3 1 0
github.com/Davincible/shamir/internal/validation/validator.go:55.2,60.36 5 0
github.com/Davincible/shamir/internal/validation/validator.go:60.36,61.25 1 0
github.com/Davincible/shamir/internal/validation/validator.go:61.25,63.9 2 0
github.com/Davincible/shamir/internal/validation/validator.go:67.2,67.12 1 0
github.com/Davincible/shamir/internal/validation/validator.go:67.12,69.3 1 0
github.com/Davincible/shamir/internal/validation/validator.go:71.2,71.32 1 0
github.com/Davincible/shamir/internal/validation/validator.go:71.32,72.37 1 0
github.com/Davincible/shamir/internal/validation/validator.go:72.37,74.4 1 0
github.com/Davincible/shamir/internal/validation/validator.go:76.3,76.27 1 0
github.com/Davincible/shamir/internal/validation/validator.go:76.27,77.28 1 0
github.com/Davincible/shamir/internal/validation/validator.go:77.28,79.5 1 0
github.com/Davincible/shamir/internal/validation/validator.go:83.2,83.12 1 0
github.com/Davincible/shamir/internal/validation/validator.go:86.48,88.16 2 0
github.com/Davincible/shamir/internal/validation/validator.go:88.16,90.3 1 0
github.com/Davincible/shamir/internal/validation/validator.go:92.2,92.36 1 0
github.com/Davincible/shamir/internal/validation/validator.go:92.36,94.3 1 0
github.com/Davincible/shamir/internal/validation/validator.go:96.2,97.35 2 0
github.com/Davincible/shamir/internal/validation/validator.go:97.35,98.20 1 0
github.com/Davincible/shamir/internal/validation/validator.go:98.20,100.4 1 0
github.com/Davincible/shamir/internal/validation/validator.go:103.2,103.12 1 0
github.com/Davincible/shamir/internal/validation/validator.go:106.54,107.30 1 0
github.com/Davincible/shamir/internal/validation/validator.go:107.30,109.3 1 0
github.com/Davincible/shamir/internal/validation/validator.go:111.2,111.40 1 0
github.com/Davincible/shamir/internal/validation/validator.go:111.40,113.3 1 0
github.com/Davincible/shamir/internal/validation/validator.go:115.2,115.12 1 0
github.com/Davincible/shamir/internal/validation/validator.go:118.50,119.27 1 0
github.com/Davincible/shamir/internal/validation/validator.go:119.27,121.3 1 0
github.com/Davincible/shamir/internal/validation/validator.go:123.2,123.32 1 0
github.com/Davincible/shamir/internal/validation/validator.go:123.32,124.14 1 0
github.com/Davincible/shamir/internal/validation/validator.go:124.14,126.4 1 0
github.com/Davincible/shamir/internal/validation/validator.go:128.3,128.20 1 0
github.com/Davincible/shamir/internal/validation/validator.go:128.20,130.4 1 0
github.com/Davincible/shamir/internal/validation/validator.go:133.2,133.12 1 0
github.com/Davincible/shamir/internal/validation/validator.go:136.41,143.23 5 0
github.com/Davincible/shamir/internal/validation/validator.go:143.23,145.3 1 0
github.com/Davincible/shamir/internal/validation/validator.go:147.2,147.34 1 0
github.com/Davincible/shamir/internal/validation/validator.go:150.40,152.36 2 0
github.com/Davincible/shamir/internal/validation/validator.go:152.36,153.21 1 0
github.com/Davincible/shamir/internal/validation/validator.go:153.21,155.4 1 0
github.com/Davincible/shamir/internal/validation/validator.go:157.2,157.14 1 0
github.com/Davincible/shamir/internal/validation/validator.go:160.41,162.35 2 0
github.com/Davincible/shamir/internal/validation/validator.go:162.35,163.20 1 0
github.com/Davincible/shamir/internal/validation/validator.go:163.20,165.4 1 0
github.com/Davincible/shamir/internal/validation/validator.go:167.2,167.14 1 0
github.com/Davincible/shamir/internal/cli/combine.go:22.41,44.55 2 0
github.com/Davincible/shamir/internal/cli/combine.go:44.55,50.23 4 0
github.com/Davincible/shamir/internal/cli/combine.go:50.23,52.5 1 0
github.com/Davincible/shamir/internal/cli/combine.go:52.10,52.26 1 0
github.com/Davincible/shamir/internal/cli/combine.go:52.26,54.5 1 0
github.com/Davincible/shamir/internal/cli/combine.go:54.10,56.5 1 0
github.com/Davincible/shamir/internal/cli/combine.go:58.4,58.18 1 0
github.com/Davincible/shamir/internal/cli/combine.go:58.18,60.5 1 0
github.com/Davincible/shamir/internal/cli/combine.go:62.4,62.23 1 0
github.com/Davincible/shamir/internal/cli/combine.go:62.23,64.5 1 0
github.com/Davincible/shamir/internal/cli/combine.go:66.4,67.18 2 0
github.com/Davincible/shamir/internal/cli/combine.go:67.18,69.5 1 0
github.com/Davincible/shamir/internal/cli/combine.go:70.4,72.18 2 0
github.com/Davincible/shamir/internal/cli/combine.go:72.18,74.5 1 0
github.com/Davincible/shamir/internal/cli/combine.go:76.4,76.43 1 0
github.com/Davincible/shamir/internal/cli/combine.go:80.2,84.12 4 0
github.com/Davincible/shamir/internal/cli/combine.go:87.66,89.16 2 0
github.com/Davincible/shamir/internal/cli/combine.go:89.16,91.3 1 0
github.com/Davincible/shamir/internal/cli/combine.go:93.2,97.53 2 0
github.com/Davincible/shamir/internal/cli/combine.go:97.53,99.3 1 0
github.com/Davincible/shamir/internal/cli/combine.go:101.2,101.34 1 0
github.com/Davincible/shamir/internal/cli/combine.go:104.54,113.20 6 0
github.com/Davincible/shamir/internal/cli/combine.go:113.20,117.17 3 0
github.com/Davincible/shamir/internal/cli/combine.go:117.17,119.4 1 0
github.com/Davincible/shamir/internal/cli/combine.go:121.3,122.17 2 0
github.com/Davincible/shamir/internal/cli/combine.go:122.17,123.9 1 0
github.com/Davincible/shamir/internal/cli/combine.go:126.3,127.42 2 0
github.com/Davincible/shamir/internal/cli/combine.go:130.2,130.34 1 0
github.com/Davincible/shamir/internal/cli/combine.go:133.65,136.33 2 0
github.com/Davincible/shamir/internal/cli/combine.go:136.33,138.14 2 0
github.com/Davincible/shamir/internal/cli/combine.go:138.14,139.12 1 0
github.com/Davincible/shamir/internal/cli/combine.go:142.3,143.17 2 0
github.com/Davincible/shamir/internal/cli/combine.go:143.17,145.4 1 0
github.com/Davincible/shamir/internal/cli/combine.go:147.3,150.5 1 0
github.com/Davincible/shamir/internal/cli/combine.go:153.2,153.20 1 0
github.com/Davincible/shamir/internal/cli/combine.go:156.55,158.16 2 0
github.com/Davincible/shamir/internal/cli/combine.go:158.16,160.3 1 0
github.com/Davincible/shamir/internal/cli/combine.go:162.2,162.12 1 0
github.com/Davincible/shamir/internal/cli/combine.go:162.12,170.3 4 0
github.com/Davincible/shamir/internal/cli/combine.go:172.2,180.29 7 0
github.com/Davincible/shamir/internal/cli/combine.go:180.29,182.3 1 0
github.com/Davincible/shamir/internal/cli/combine.go:184.2,190.12 6 0
github.com/Davincible/shamir/internal/cli/combine.go:193.53,194.12 1 0
github.com/Davincible/shamir/internal/cli/combine.go:194.12,201.3 4 0
github.com/Davincible/shamir/internal/cli/combine.go:203.2,212.12 8 0
github.com/Davincible/shamir/internal/cli/derive.go:25.40,47.55 2 0
github.com/Davincible/shamir/internal/cli/derive.go:47.55,53.18 5 0
github.com/Davincible/shamir/internal/cli/derive.go:53.18,55.5 1 0
github.com/Davincible/shamir/internal/cli/derive.go:57.4,59.18 3 0
github.com/Davincible/shamir/internal/cli/derive.go:59.18,61.5 1 0
github.com/Davincible/shamir/internal/cli/derive.go:63.4,65.18 3 0
github.com/Davincible/shamir/internal/cli/derive.go:65.18,67.5 1 0
github.com/Davincible/shamir/internal/cli/derive.go:68.4,75.18 6 0
github.com/Davincible/shamir/internal/cli/derive.go:75.18,77.5 1 0
github.com/Davincible/shamir/internal/cli/derive.go:79.4,81.18 2 0
github.com/Davincible/shamir/internal/cli/derive.go:81.18,83.5 1 0
github.com/Davincible/shamir/internal/cli/derive.go:83.10,86.5 2 0
github.com/Davincible/shamir/internal/cli/derive.go:88.4,88.18 1 0
github.com/Davincible/shamir/internal/cli/derive.go:88.18,90.5 1 0
github.com/Davincible/shamir/internal/cli/derive.go:92.4,97.18 2 0
github.com/Davincible/shamir/internal/cli/derive.go:97.18,101.5 3 0
github.com/Davincible/shamir/internal/cli/derive.go:103.4,103.52 1 0
github.com/Davincible/shamir/internal/cli/derive.go:107.2,111.12 4 0
github.com/Davincible/shamir/internal/cli/derive.go:114.65,132.17 13 0
github.com/Davincible/shamir/internal/cli/derive.go:132.17,138.3 4 0
github.com/Davincible/shamir/internal/cli/derive.go:140.2,142.12 2 0
github.com/Davincible/shamir/internal/cli/generate.go:13.42,32.55 2 0
github.com/Davincible/shamir/internal/cli/generate.go:32.55,36.18 3 0
github.com/Davincible/shamir/internal/cli/generate.go:36.18,38.5 1 0
github.com/Davincible/shamir/internal/cli/generate.go:40.4,41.18 2 0
github.com/Davincible/shamir/internal/cli/generate.go:41.18,43.5 1 0
github.com/Davincible/shamir/internal/cli/generate.go:45.4,45.18 1 0
github.com/Davincible/shamir/internal/cli/generate.go:45.18,53.5 4 0
github.com/Davincible/shamir/internal/cli/generate.go:55.4,55.32 1 0
github.com/Davincible/shamir/internal/cli/generate.go:59.2,61.12 2 0
github.com/Davincible/shamir/internal/cli/generate.go:64.53,86.29 18 0
github.com/Davincible/shamir/internal/cli/generate.go:86.29,88.3 1 0
github.com/Davincible/shamir/internal/cli/generate.go:90.2,97.12 6 0
github.com/Davincible/shamir/internal/cli/split.go:26.39,50.55 2 0
github.com/Davincible/shamir/internal/cli/split.go:50.55,51.64 1 0
github.com/Davincible/shamir/internal/cli/split.go:51.64,53.5 1 0
github.com/Davincible/shamir/internal/cli/split.go:55.4,60.16 4 0
github.com/Davincible/shamir/internal/cli/split.go:60.16,62.5 1 0
github.com/Davincible/shamir/internal/cli/split.go:62.10,62.27 1 0
github.com/Davincible/shamir/internal/cli/split.go:62.27,64.5 1 0
github.com/Davincible/shamir/internal/cli/split.go:64.10,66.5 1 0
github.com/Davincible/shamir/internal/cli/split.go:68.4,68.18 1 0
github.com/Davincible/shamir/internal/cli/split.go:68.18,70.5 1 0
github.com/Davincible/shamir/internal/cli/split.go:72.4,78.18 3 0
github.com/Davincible/shamir/internal/cli/split.go:78.18,80.5 1 0
github.com/Davincible/shamir/internal/cli/split.go:82.4,88.33 2 0
github.com/Davincible/shamir/internal/cli/split.go:88.33,90.5 1 0
github.com/Davincible/shamir/internal/cli/split.go:92.4,92.24 1 0
github.com/Davincible/shamir/internal/cli/split.go:92.24,94.5 1 0
github.com/Davincible/shamir/internal/cli/split.go:96.4,96.18 1 0
github.com/Davincible/shamir/internal/cli/split.go:96.18,98.5 1 0
github.com/Davincible/shamir/internal/cli/split.go:100.4,100.35 1 0
github.com/Davincible/shamir/internal/cli/split.go:104.2,110.12 6 0
github.com/Davincible/shamir/internal/cli/split.go:113.54,119.2 2 0
github.com/Davincible/shamir/internal/cli/split.go:121.38,125.21 3 0
github.com/Davincible/shamir/internal/cli/split.go:125.21,127.3 1 0
github.com/Davincible/shamir/internal/cli/split.go:129.2,129.38 1 0
github.com/Davincible/shamir/internal/cli/split.go:129.38,131.3 1 0
github.com/Davincible/shamir/internal/cli/split.go:133.2,133.47 1 0
github.com/Davincible/shamir/internal/cli/split.go:136.48,141.16 4 0
github.com/Davincible/shamir/internal/cli/split.go:141.16,143.3 1 0
github.com/Davincible/shamir/internal/cli/split.go:145.2,148.16 3 0
github.com/Davincible/shamir/internal/cli/split.go:148.16,150.3 1 0
github.com/Davincible/shamir/internal/cli/split.go:152.2,154.16 3 0
github.com/Davincible/shamir/internal/cli/split.go:154.16,156.3 1 0
github.com/Davincible/shamir/internal/cli/split.go:157.2,159.25 2 0
github.com/Davincible/shamir/internal/cli/split.go:159.25,162.3 2 0
github.com/Davincible/shamir/internal/cli/split.go:164.2,164.20 1 0
github.com/Davincible/shamir/internal/cli/split.go:167.46,171.16 3 0
github.com/Davincible/shamir/internal/cli/split.go:171.16,173.3 1 0
github.com/Davincible/shamir/internal/cli/split.go:174.2,176.22 2 0
github.com/Davincible/shamir/internal/cli/split.go:176.22,178.3 1 0
github.com/Davincible/shamir/internal/cli/split.go:180.2,180.20 1 0
github.com/Davincible/shamir/internal/cli/split.go:183.60,185.16 2 0
github.com/Davincible/shamir/internal/cli/split.go:185.16,187.3 1 0
github.com/Davincible/shamir/internal/cli/split.go:189.2,189.59 1 0
github.com/Davincible/shamir/internal/cli/split.go:189.59,191.3 1 0
github.com/Davincible/shamir/internal/cli/split.go:193.2,194.12 2 0
github.com/Davincible/shamir/internal/cli/split.go:197.49,201.2 3 0
github.com/Davincible/shamir/internal/cli/split.go:203.49,221.38 14 0
github.com/Davincible/shamir/internal/cli/split.go:221.38,224.3 2 0
github.com/Davincible/shamir/internal/cli/split.go:226.2,228.12 2 0
github.com/Davincible/shamir/internal/cli/verify.go:13.40,19.55 1 0
github.com/Davincible/shamir/internal/cli/verify.go:19.55,23.18 3 0
github.com/Davincible/shamir/internal/cli/verify.go:23.18,25.5 1 0
github.com/Davincible/shamir/internal/cli/verify.go:27.4,32.23 2 0
github.com/Davincible/shamir/internal/cli/verify.go:32.23,34.5 1 0
github.com/Davincible/shamir/internal/cli/verify.go:36.4,51.14 12 0
github.com/Davincible/shamir/internal/cli/verify.go:55.2,55.12 1 0
github.com/Davincible/shamir/pkg/storage/secure_file.go:35.55,39.2 1 0
github.com/Davincible/shamir/pkg/storage/secure_file.go:41.66,42.24 1 0
github.com/Davincible/shamir/pkg/storage/secure_file.go:42.24,44.3 1 0
github.com/Davincible/shamir/pkg/storage/secure_file.go:46.2,47.58 2 0
github.com/Davincible/shamir/pkg/storage/secure_file.go:47.58,49.3 1 0
github.com/Davincible/shamir/pkg/storage/secure_file.go:51.2,55.16 4 0
github.com/Davincible/shamir/pkg/storage/secure_file.go:55.16,57.3 1 0
github.com/Davincible/shamir/pkg/storage/secure_file.go:59.2,60.16 2 0
github.com/Davincible/shamir/pkg/storage/secure_file.go:60.16,62.3 1 0
github.com/Davincible/shamir/pkg/storage/secure_file.go:64.2,65.59 2 0
github.com/Davincible/shamir/pkg/storage/secure_file.go:65.59,67.3 1 0
github.com/Davincible/shamir/pkg/storage/secure_file.go:69.2,78.16 4 0
github.com/Davincible/shamir/pkg/storage/secure_file.go:78.16,80.3 1 0
github.com/Davincible/shamir/pkg/storage/secure_file.go:82.2,83.47 2 0
github.com/Davincible/shamir/pkg/storage/secure_file.go:83.47,85.3 1 0
github.com/Davincible/shamir/pkg/storage/secure_file.go:87.2,87.65 1 0
github.com/Davincible/shamir/pkg/storage/secure_file.go:87.65,89.3 1 0
github.com/Davincible/shamir/pkg/storage/secure_file.go:91.2,91.12 1 0
github.com/Davincible/shamir/pkg/storage/secure_file.go:94.63,95.24 1 0
github.com/Davincible/shamir/pkg/storage/secure_file.go:95.24,97.3 1 0
github.com/Davincible/shamir/pkg/storage/secure_file.go:99.2,100.16 2 0
github.com/Davincible/shamir/pkg/storage/secure_file.go:100.16,102.3 1 0
github.com/Davincible/shamir/pkg/storage/secure_file.go:104.2,105.61 2 0
github.com/Davincible/shamir/pkg/storage/secure_file.go:105.61,107.3 1 0
github.com/Davincible/shamir/pkg/storage/secure_file.go:109.2,113.16 4 0
github.com/Davincible/shamir/pkg/storage/secure_file.go:113.16,115.3 1 0
github.com/Davincible/shamir/pkg/storage/secure_file.go:117.2,118.16 2 0
github.com/Davincible/shamir/pkg/storage/secure_file.go:118.16,120.3 1 0
github.com/Davincible/shamir/pkg/storage/secure_file.go:122.2,123.16 2 0
github.com/Davincible/shamir/pkg/storage/secure_file.go:123.16,125.3 1 0
github.com/Davincible/shamir/pkg/storage/secure_file.go:127.2,127.23 1 0
github.com/Davincible/shamir/pkg/storage/secure_file.go:130.39,133.2 2 0
github.com/Davincible/shamir/pkg/storage/secure_file.go:135.40,136.17 1 0
github.com/Davincible/shamir/pkg/storage/secure_file.go:136.17,138.3 1 0
github.com/Davincible/shamir/pkg/storage/secure_file.go:140.2,141.16 2 0
github.com/Davincible/shamir/pkg/storage/secure_file.go:141.16,143.3 1 0
github.com/Davincible/shamir/pkg/storage/secure_file.go:145.2,145.43 1 0
github.com/Davincible/shamir/pkg/storage/secure_file.go:145.43,147.3 1 0
github.com/Davincible/shamir/pkg/storage/secure_file.go:149.2,149.61 1 0
github.com/Davincible/shamir/pkg/storage/secure_file.go:149.61,151.3 1 0
github.com/Davincible/shamir/pkg/storage/secure_file.go:153.2,153.30 1 0
github.com/Davincible/shamir/pkg/storage/secure_file.go:167.53,171.2 1 0
github.com/Davincible/shamir/pkg/storage/secure_file.go:173.97,182.16 3 0
github.com/Davincible/shamir/pkg/storage/secure_file.go:182.16,184.3 1 0
github.com/Davincible/shamir/pkg/storage/secure_file.go:186.2,186.39 1 0
github.com/Davincible/shamir/pkg/storage/secure_file.go:189.75,191.16 2 0
github.com/Davincible/shamir/pkg/storage/secure_file.go:191.16,193.3 1 0
github.com/Davincible/shamir/pkg/storage/secure_file.go:195.2,196.54 2 0
github.com/Davincible/shamir/pkg/storage/secure_file.go:196.54,198.3 1 0
github.com/Davincible/shamir/pkg/storage/secure_file.go:200.2,200.21 1 0
github.com/Davincible/shamir/pkg/storage/secure_file.go:203.38,205.2 1 0
github.com/Davincible/shamir/pkg/storage/secure_file.go:207.39,209.2 1 0
github.com/Davincible/shamir/pkg/secure/memory.go:16.44,20.2 1 1
github.com/Davincible/shamir/pkg/secure/memory.go:22.42,28.2 3 1
github.com/Davincible/shamir/pkg/secure/memory.go:30.41,34.31 3 1
github.com/Davincible/shamir/pkg/secure/memory.go:34.31,37.3 2 1
github.com/Davincible/shamir/pkg/secure/memory.go:38.2,38.21 1 1
github.com/Davincible/shamir/pkg/secure/memory.go:41.37,48.2 5 1
github.com/Davincible/shamir/pkg/secure/memory.go:50.32,56.2 4 1
github.com/Davincible/shamir/pkg/secure/memory.go:58.34,62.2 3 1
github.com/Davincible/shamir/pkg/secure/memory.go:64.34,67.2 2 1
github.com/Davincible/shamir/pkg/secure/memory.go:69.21,70.19 1 1
github.com/Davincible/shamir/pkg/secure/memory.go:70.19,72.3 1 1
github.com/Davincible/shamir/pkg/secure/memory.go:73.2,73.22 1 1
github.com/Davincible/shamir/pkg/secure/memory.go:76.38,77.40 1 1
github.com/Davincible/shamir/pkg/secure/memory.go:77.40,79.3 1 0
github.com/Davincible/shamir/pkg/secure/memory.go:80.2,81.12 2 1
github.com/Davincible/shamir/pkg/secure/memory.go:84.44,85.22 1 1
github.com/Davincible/shamir/pkg/secure/memory.go:85.22,87.3 1 1
github.com/Davincible/shamir/pkg/secure/memory.go:88.2,88.46 1 1
github.com/Davincible/shamir/pkg/secure/memory.go:91.40,92.26 1 1
github.com/Davincible/shamir/pkg/secure/memory.go:92.26,93.53 1 1
github.com/Davincible/shamir/pkg/secure/memory.go:95.2,95.38 1 1
github.com/Davincible/shamir/pkg/secure/memory.go:102.46,106.2 1 1
github.com/Davincible/shamir/pkg/secure/memory.go:108.41,109.20 1 1
github.com/Davincible/shamir/pkg/secure/memory.go:109.20,111.3 1 1
github.com/Davincible/shamir/pkg/secure/memory.go:112.2,112.30 1 1
github.com/Davincible/shamir/pkg/secure/memory.go:115.33,116.20 1 1
github.com/Davincible/shamir/pkg/secure/memory.go:116.20,118.3 1 1
github.com/Davincible/shamir/pkg/secure/memory.go:121.35,122.20 1 1
github.com/Davincible/shamir/pkg/secure/memory.go:122.20,125.3 2 1
github.com/Davincible/shamir/pkg/secure/memory.go:134.46,139.2 1 1
github.com/Davincible/shamir/pkg/secure/memory.go:141.50,145.25 3 1
github.com/Davincible/shamir/pkg/secure/memory.go:145.25,147.3 1 1
github.com/Davincible/shamir/pkg/secure/memory.go:149.2,151.12 3 1
github.com/Davincible/shamir/pkg/secure/memory.go:154.39,161.2 5 1
github.com/Davincible/shamir/pkg/secure/memory.go:163.33,168.2 3 1
github.com/Davincible/shamir/pkg/secure/memory.go:170.35,173.2 2 1
github.com/Davincible/shamir/pkg/secure/memory.go:175.29,176.14 1 1
github.com/Davincible/shamir/pkg/secure/memory.go:176.14,178.3 1 1
github.com/Davincible/shamir/pkg/secure/memory.go:179.2,180.14 2 1
github.com/Davincible/shamir/pkg/secure/memory.go:183.28,184.27 1 1
github.com/Davincible/shamir/pkg/secure/memory.go:184.27,186.3 1 1
github.com/Davincible/shamir/pkg/secure/memory.go:187.2,189.14 3 1
github.com/Davincible/shamir/pkg/secure/memory.go:192.45,194.40 2 1
github.com/Davincible/shamir/pkg/secure/memory.go:194.40,197.3 2 0
github.com/Davincible/shamir/pkg/secure/memory.go:198.2,198.15 1 1
github.com/Davincible/shamir/pkg/crypto/shamir/shamir.go:22.35,23.17 1 1
github.com/Davincible/shamir/pkg/crypto/shamir/shamir.go:23.17,25.3 1 1
github.com/Davincible/shamir/pkg/crypto/shamir/shamir.go:26.2,26.21 1 1
github.com/Davincible/shamir/pkg/crypto/shamir/shamir.go:26.21,28.3 1 1
github.com/Davincible/shamir/pkg/crypto/shamir/shamir.go:29.2,29.27 1 1
github.com/Davincible/shamir/pkg/crypto/shamir/shamir.go:29.27,31.3 1 1
github.com/Davincible/shamir/pkg/crypto/shamir/shamir.go:32.2,32.19 1 1
github.com/Davincible/shamir/pkg/crypto/shamir/shamir.go:32.19,34.3 1 1
github.com/Davincible/shamir/pkg/crypto/shamir/shamir.go:35.2,35.12 1 1
github.com/Davincible/shamir/pkg/crypto/shamir/shamir.go:38.59,39.42 1 1
github.com/Davincible/shamir/pkg/crypto/shamir/shamir.go:39.42,41.3 1 0
github.com/Davincible/shamir/pkg/crypto/shamir/shamir.go:43.2,43.22 1 1
github.com/Davincible/shamir/pkg/crypto/shamir/shamir.go:43.22,45.3 1 0
github.com/Davincible/shamir/pkg/crypto/shamir/shamir.go:47.2,48.16 2 1
github.com/Davincible/shamir/pkg/crypto/shamir/shamir.go:48.16,50.3 1 0
github.com/Davincible/shamir/pkg/crypto/shamir/shamir.go:52.2,53.31 2 1
github.com/Davincible/shamir/pkg/crypto/shamir/shamir.go:53.31,58.3 1 1
github.com/Davincible/shamir/pkg/crypto/shamir/shamir.go:60.2,60.20 1 1
github.com/Davincible/shamir/pkg/crypto/shamir/shamir.go:63.46,64.21 1 1
github.com/Davincible/shamir/pkg/crypto/shamir/shamir.go:64.21,66.3 1 1
github.com/Davincible/shamir/pkg/crypto/shamir/shamir.go:68.2,69.31 2 1
github.com/Davincible/shamir/pkg/crypto/shamir/shamir.go:69.31,70.27 1 1
github.com/Davincible/shamir/pkg/crypto/shamir/shamir.go:70.27,72.4 1 1
github.com/Davincible/shamir/pkg/crypto/shamir/shamir.go:73.3,73.29 1 1
github.com/Davincible/shamir/pkg/crypto/shamir/shamir.go:76.2,77.16 2 1
github.com/Davincible/shamir/pkg/crypto/shamir/shamir.go:77.16,79.3 1 0
github.com/Davincible/shamir/pkg/crypto/shamir/shamir.go:81.2,81.20 1 1
github.com/Davincible/shamir/pkg/crypto/shamir/shamir.go:84.54,85.36 1 1
github.com/Davincible/shamir/pkg/crypto/shamir/shamir.go:85.36,87.3 1 1
github.com/Davincible/shamir/pkg/crypto/shamir/shamir.go:88.2,88.22 1 1
github.com/Davincible/shamir/pkg/crypto/shamir/shamir.go:88.22,90.3 1 1
github.com/Davincible/shamir/pkg/crypto/shamir/shamir.go:91.2,91.12 1 1
github.com/Davincible/shamir/pkg/crypto/shamir/shamir.go:94.49,95.12 1 1
github.com/Davincible/shamir/pkg/crypto/shamir/shamir.go:95.12,97.3 1 1
github.com/Davincible/shamir/pkg/crypto/shamir/shamir.go:99.2,100.55 2 1
github.com/Davincible/shamir/pkg/crypto/shamir/shamir.go:100.55,102.3 1 0
github.com/Davincible/shamir/pkg/crypto/shamir/shamir.go:104.2,104.15 1 1
github.com/Davincible/shamir/pkg/crypto/shamir/shamir.go:107.38,108.22 1 1
github.com/Davincible/shamir/pkg/crypto/shamir/shamir.go:108.22,110.3 1 1
github.com/Davincible/shamir/pkg/crypto/shamir/shamir.go:111.2,111.46 1 1
github.com/Davincible/shamir/pkg/crypto/shamir/shamir.go:114.27,115.19 1 1
github.com/Davincible/shamir/pkg/crypto/shamir/shamir.go:115.19,117.3 1 1
github.com/Davincible/shamir/pkg/crypto/mnemonic/mnemonic.go:24.54,25.66 1 1
github.com/Davincible/shamir/pkg/crypto/mnemonic/mnemonic.go:25.66,27.3 1 1
github.com/Davincible/shamir/pkg/crypto/mnemonic/mnemonic.go:29.2,29.25 1 1
github.com/Davincible/shamir/pkg/crypto/mnemonic/mnemonic.go:29.25,31.3 1 1
github.com/Davincible/shamir/pkg/crypto/mnemonic/mnemonic.go:33.2,34.16 2 1
github.com/Davincible/shamir/pkg/crypto/mnemonic/mnemonic.go:34.16,36.3 1 0
github.com/Davincible/shamir/pkg/crypto/mnemonic/mnemonic.go:38.2,39.16 2 1
github.com/Davincible/shamir/pkg/crypto/mnemonic/mnemonic.go:39.16,41.3 1 0
github.com/Davincible/shamir/pkg/crypto/mnemonic/mnemonic.go:43.2,45.8 1 1
github.com/Davincible/shamir/pkg/crypto/mnemonic/mnemonic.go:48.49,50.35 2 1
github.com/Davincible/shamir/pkg/crypto/mnemonic/mnemonic.go:50.35,52.3 1 1
github.com/Davincible/shamir/pkg/crypto/mnemonic/mnemonic.go:54.2,56.8 1 1
github.com/Davincible/shamir/pkg/crypto/mnemonic/mnemonic.go:59.53,60.44 1 1
github.com/Davincible/shamir/pkg/crypto/mnemonic/mnemonic.go:60.44,62.3 1 1
github.com/Davincible/shamir/pkg/crypto/mnemonic/mnemonic.go:64.2,64.25 1 1
github.com/Davincible/shamir/pkg/crypto/mnemonic/mnemonic.go:64.25,66.3 1 1
github.com/Davincible/shamir/pkg/crypto/mnemonic/mnemonic.go:68.2,69.16 2 1
github.com/Davincible/shamir/pkg/crypto/mnemonic/mnemonic.go:69.16,71.3 1 0
github.com/Davincible/shamir/pkg/crypto/mnemonic/mnemonic.go:73.2,75.8 1 1
github.com/Davincible/shamir/pkg/crypto/mnemonic/mnemonic.go:78.35,80.2 1 1
github.com/Davincible/shamir/pkg/crypto/mnemonic/mnemonic.go:82.40,86.2 3 1
github.com/Davincible/shamir/pkg/crypto/mnemonic/mnemonic.go:88.36,90.2 1 1
github.com/Davincible/shamir/pkg/crypto/mnemonic/mnemonic.go:92.53,94.2 1 1
github.com/Davincible/shamir/pkg/crypto/mnemonic/mnemonic.go:96.34,98.2 1 1
github.com/Davincible/shamir/pkg/crypto/mnemonic/mnemonic.go:100.65,102.2 1 1
github.com/Davincible/shamir/pkg/crypto/mnemonic/mnemonic.go:104.46,106.16 2 1
github.com/Davincible/shamir/pkg/crypto/mnemonic/mnemonic.go:106.16,108.3 1 0
github.com/Davincible/shamir/pkg/crypto/mnemonic/mnemonic.go:109.2,109.21 1 1
github.com/Davincible/shamir/pkg/crypto/mnemonic/mnemonic.go:112.37,113.39 1 0
github.com/Davincible/shamir/pkg/crypto/mnemonic/mnemonic.go:113.39,115.3 1 0
github.com/Davincible/shamir/pkg/crypto/mnemonic/mnemonic.go:116.2,116.12 1 0
github.com/Davincible/shamir/pkg/crypto/mnemonic/mnemonic.go:119.68,120.21 1 1
github.com/Davincible/shamir/pkg/crypto/mnemonic/mnemonic.go:120.21,122.3 1 1
github.com/Davincible/shamir/pkg/crypto/mnemonic/mnemonic.go:123.2,124.79 2 1
github.com/Davincible/shamir/pkg/crypto/mnemonic/mnemonic.go:127.56,129.16 2 1
github.com/Davincible/shamir/pkg/crypto/mnemonic/mnemonic.go:129.16,131.3 1 1
github.com/Davincible/shamir/pkg/crypto/mnemonic/mnemonic.go:133.2,134.39 2 1
github.com/Davincible/shamir/pkg/crypto/mnemonic/mnemonic.go:137.40,139.36 2 1
github.com/Davincible/shamir/pkg/crypto/mnemonic/mnemonic.go:139.36,140.21 1 1
github.com/Davincible/shamir/pkg/crypto/mnemonic/mnemonic.go:140.21,142.4 1 1
github.com/Davincible/shamir/pkg/crypto/mnemonic/mnemonic.go:144.2,144.14 1 1
github.com/Davincible/shamir/pkg/crypto/mnemonic/mnemonic.go:147.59,148.19 1 1
github.com/Davincible/shamir/pkg/crypto/mnemonic/mnemonic.go:149.10,150.18 1 1
github.com/Davincible/shamir/pkg/crypto/mnemonic/mnemonic.go:151.10,152.18 1 1
github.com/Davincible/shamir/pkg/crypto/mnemonic/mnemonic.go:153.10,154.18 1 1
github.com/Davincible/shamir/pkg/crypto/mnemonic/mnemonic.go:155.10,156.18 1 1
github.com/Davincible/shamir/pkg/crypto/mnemonic/mnemonic.go:157.10,158.18 1 1
github.com/Davincible/shamir/pkg/crypto/mnemonic/mnemonic.go:159.10,160.60 1 1
github.com/Davincible/shamir/pkg/crypto/mnemonic/mnemonic.go:164.43,168.32 3 1
github.com/Davincible/shamir/pkg/crypto/mnemonic/mnemonic.go:168.32,170.3 1 1
github.com/Davincible/shamir/pkg/crypto/mnemonic/mnemonic.go:172.2,173.24 2 1
github.com/Davincible/shamir/pkg/crypto/mnemonic/mnemonic.go:173.24,174.29 1 1
github.com/Davincible/shamir/pkg/crypto/mnemonic/mnemonic.go:174.29,176.4 1 1
github.com/Davincible/shamir/pkg/crypto/mnemonic/mnemonic.go:179.2,179.14 1 1
github.com/Davincible/shamir/pkg/crypto/hdkey/hdkey.go:40.48,41.20 1 1
github.com/Davincible/shamir/pkg/crypto/hdkey/hdkey.go:41.20,43.3 1 1
github.com/Davincible/shamir/pkg/crypto/hdkey/hdkey.go:45.2,46.16 2 1
github.com/Davincible/shamir/pkg/crypto/hdkey/hdkey.go:46.16,48.3 1 0
github.com/Davincible/shamir/pkg/crypto/hdkey/hdkey.go:50.2,53.8 1 1
github.com/Davincible/shamir/pkg/crypto/hdkey/hdkey.go:56.51,58.16 2 1
github.com/Davincible/shamir/pkg/crypto/hdkey/hdkey.go:58.16,60.3 1 1
github.com/Davincible/shamir/pkg/crypto/hdkey/hdkey.go:62.2,65.8 1 1
github.com/Davincible/shamir/pkg/crypto/hdkey/hdkey.go:68.57,70.70 2 1
github.com/Davincible/shamir/pkg/crypto/hdkey/hdkey.go:70.70,72.3 1 1
github.com/Davincible/shamir/pkg/crypto/hdkey/hdkey.go:74.2,77.35 3 1
github.com/Davincible/shamir/pkg/crypto/hdkey/hdkey.go:77.35,78.20 1 1
github.com/Davincible/shamir/pkg/crypto/hdkey/hdkey.go:78.20,79.12 1 0
github.com/Davincible/shamir/pkg/crypto/hdkey/hdkey.go:82.3,83.15 2 1
github.com/Davincible/shamir/pkg/crypto/hdkey/hdkey.go:83.15,85.4 1 1
github.com/Davincible/shamir/pkg/crypto/hdkey/hdkey.go:87.3,88.17 2 1
github.com/Davincible/shamir/pkg/crypto/hdkey/hdkey.go:88.17,90.4 1 1
github.com/Davincible/shamir/pkg/crypto/hdkey/hdkey.go:92.3,93.15 2 1
github.com/Davincible/shamir/pkg/crypto/hdkey/hdkey.go:93.15,95.4 1 1
github.com/Davincible/shamir/pkg/crypto/hdkey/hdkey.go:97.3,98.17 2 1
github.com/Davincible/shamir/pkg/crypto/hdkey/hdkey.go:98.17,100.4 1 0
github.com/Davincible/shamir/pkg/crypto/hdkey/hdkey.go:102.3,102.22 1 1
github.com/Davincible/shamir/pkg/crypto/hdkey/hdkey.go:105.2,108.8 1 1
github.com/Davincible/shamir/pkg/crypto/hdkey/hdkey.go:111.82,114.2 2 1
github.com/Davincible/shamir/pkg/crypto/hdkey/hdkey.go:116.66,118.2 1 1
github.com/Davincible/shamir/pkg/crypto/hdkey/hdkey.go:120.69,122.16 2 1
github.com/Davincible/shamir/pkg/crypto/hdkey/hdkey.go:122.16,124.3 1 0
github.com/Davincible/shamir/pkg/crypto/hdkey/hdkey.go:126.2,127.16 2 1
github.com/Davincible/shamir/pkg/crypto/hdkey/hdkey.go:127.16,129.3 1 0
github.com/Davincible/shamir/pkg/crypto/hdkey/hdkey.go:131.2,135.8 2 1
github.com/Davincible/shamir/pkg/crypto/hdkey/hdkey.go:138.36,140.2 1 1
github.com/Davincible/shamir/pkg/crypto/hdkey/hdkey.go:142.39,144.2 1 1
github.com/Davincible/shamir/pkg/crypto/hdkey/hdkey.go:146.37,148.2 1 1
github.com/Davincible/shamir/pkg/crypto/hdkey/hdkey.go:150.40,152.2 1 1
github.com/Davincible/shamir/pkg/crypto/hdkey/hdkey.go:154.44,156.2 1 1
github.com/Davincible/shamir/pkg/crypto/hdkey/hdkey.go:158.45,160.2 1 1
github.com/Davincible/shamir/pkg/crypto/hdkey/hdkey.go:162.38,164.2 1 1
github.com/Davincible/shamir/pkg/crypto/hdkey/hdkey.go:166.36,168.2 1 1
github.com/Davincible/shamir/pkg/crypto/hdkey/hdkey.go:170.31,172.2 1 1
github.com/Davincible/shamir/pkg/crypto/hdkey/hdkey.go:174.34,176.2 1 1
github.com/Davincible/shamir/pkg/crypto/hdkey/hdkey.go:178.64,180.70 2 1
github.com/Davincible/shamir/pkg/crypto/hdkey/hdkey.go:180.70,182.3 1 1
github.com/Davincible/shamir/pkg/crypto/hdkey/hdkey.go:184.2,185.23 2 1
github.com/Davincible/shamir/pkg/crypto/hdkey/hdkey.go:185.23,187.3 1 1
github.com/Davincible/shamir/pkg/crypto/hdkey/hdkey.go:189.2,191.39 2 1
github.com/Davincible/shamir/pkg/crypto/hdkey/hdkey.go:191.39,192.20 1 1
github.com/Davincible/shamir/pkg/crypto/hdkey/hdkey.go:192.20,193.12 1 0
github.com/Davincible/shamir/pkg/crypto/hdkey/hdkey.go:196.3,197.15 2 1
github.com/Davincible/shamir/pkg/crypto/hdkey/hdkey.go:197.15,199.4 1 1
github.com/Davincible/shamir/pkg/crypto/hdkey/hdkey.go:201.3,202.17 2 1
github.com/Davincible/shamir/pkg/crypto/hdkey/hdkey.go:202.17,204.4 1 0
github.com/Davincible/shamir/pkg/crypto/hdkey/hdkey.go:206.3,206.12 1 1
github.com/Davincible/shamir/pkg/crypto/hdkey/hdkey.go:207.10,208.30 1 1
github.com/Davincible/shamir/pkg/crypto/hdkey/hdkey.go:209.10,210.31 1 1
github.com/Davincible/shamir/pkg/crypto/hdkey/hdkey.go:211.10,212.30 1 1
github.com/Davincible/shamir/pkg/crypto/hdkey/hdkey.go:213.10,214.29 1 1
github.com/Davincible/shamir/pkg/crypto/hdkey/hdkey.go:215.10,216.28 1 1
github.com/Davincible/shamir/pkg/crypto/hdkey/hdkey.go:220.2,220.16 1 1
github.com/Davincible/shamir/pkg/crypto/hdkey/hdkey.go:223.43,226.2 1 1
github.com/Davincible/shamir/pkg/crypto/hdkey/hdkey.go:228.61,238.2 7 1
github.com/Davincible/shamir/pkg/crypto/hdkey/hdkey.go:240.38,243.2 2 1
